<?xml version="1.0" encoding="UTF-8"?>
<testng-results total="1" passed="1" failed="0" skipped="0">
  <reporter-output>
  </reporter-output>
  <suite started-at="2020-02-09T22:32:25Z" name="testXML" finished-at="2020-02-09T22:32:25Z" duration-ms="47">
    <groups>
    </groups>
    <test started-at="2020-02-09T22:32:25Z" name="testngTest" finished-at="2020-02-09T22:32:25Z" duration-ms="47">
      <class name="devopspackage.HelloClassTest">
        <test-method signature="testableTest()[pri:0, instance:devopspackage.HelloClassTest@3d0f8e03]" started-at="2020-02-09T16:32:25Z" name="testableTest" finished-at="2020-02-09T16:32:25Z" duration-ms="15" status="PASS">
          <reporter-output>
          </reporter-output>
        </test-method> <!-- testableTest -->
      </class> <!-- devopspackage.HelloClassTest -->
    </test> <!-- testngTest -->
  </suite> <!-- testXML -->
</testng-results>
